# JRE version: OpenJDK Runtime Environment Microsoft-8035250 (11.0.20+8) (build 11.0.20+8-LTS)
# Java VM: OpenJDK 64-Bit Server VM Microsoft-8035250 (11.0.20+8-LTS, mixed mode, tiered, compressed oops, g1 gc, windows-amd64)
Heap:
 garbage-first heap   total 194560K, used 39268K [0x0000000080000000, 0x0000000100000000)
  region size 1024K, 19 young (19456K), 8 survivors (8192K)
 Metaspace       used 41484K, capacity 42585K, committed 42752K, reserved 555008K
  class space    used 5173K, capacity 5588K, committed 5632K, reserved 516096K
GC Heap History (18 events):
Event: 15.036 GC heap before
{Heap before GC invocations=0 (full 0):
 garbage-first heap   total 194560K, used 27648K [0x0000000080000000, 0x0000000100000000)
  region size 1024K, 24 young (24576K), 0 survivors (0K)
 Metaspace       used 10126K, capacity 10342K, committed 10624K, reserved 526336K
  class space    used 1024K, capacity 1107K, committed 1152K, reserved 516096K
}
Event: 15.451 GC heap after
{Heap after GC invocations=1 (full 0):
 garbage-first heap   total 194560K, used 10556K [0x0000000080000000, 0x0000000100000000)
  region size 1024K, 3 young (3072K), 3 survivors (3072K)
 Metaspace       used 10126K, capacity 10342K, committed 10624K, reserved 526336K
  class space    used 1024K, capacity 1107K, committed 1152K, reserved 516096K
}
Event: 155.958 GC heap before
{Heap before GC invocations=1 (full 0):
 garbage-first heap   total 194560K, used 96572K [0x0000000080000000, 0x0000000100000000)
  region size 1024K, 87 young (89088K), 3 survivors (3072K)
 Metaspace       used 20625K, capacity 21024K, committed 21248K, reserved 536576K
  class space    used 2395K, capacity 2544K, committed 2560K, reserved 516096K
}
Event: 157.158 GC heap after
{Heap after GC invocations=2 (full 0):
 garbage-first heap   total 194560K, used 18067K [0x0000000080000000, 0x0000000100000000)
  region size 1024K, 11 young (11264K), 11 survivors (11264K)
 Metaspace       used 20625K, capacity 21024K, committed 21248K, reserved 536576K
  class space    used 2395K, capacity 2544K, committed 2560K, reserved 516096K
}
Event: 157.719 GC heap before
{Heap before GC invocations=3 (full 0):
 garbage-first heap   total 194560K, used 19091K [0x0000000080000000, 0x0000000100000000)
  region size 1024K, 12 young (12288K), 11 survivors (11264K)
 Metaspace       used 20667K, capacity 21058K, committed 21376K, reserved 536576K
  class space    used 2407K, capacity 2577K, committed 2688K, reserved 516096K
}
Event: 158.196 GC heap after
{Heap after GC invocations=4 (full 0):
 garbage-first heap   total 194560K, used 19167K [0x0000000080000000, 0x0000000100000000)
  region size 1024K, 1 young (1024K), 1 survivors (1024K)
 Metaspace       used 20667K, capacity 21058K, committed 21376K, reserved 536576K
  class space    used 2407K, capacity 2577K, committed 2688K, reserved 516096K
}
Event: 163.624 GC heap before
{Heap before GC invocations=4 (full 0):
 garbage-first heap   total 194560K, used 30431K [0x0000000080000000, 0x0000000100000000)
  region size 1024K, 12 young (12288K), 1 survivors (1024K)
 Metaspace       used 21717K, capacity 22188K, committed 22528K, reserved 536576K
  class space    used 2573K, capacity 2721K, committed 2816K, reserved 516096K
}
Event: 163.630 GC heap after
{Heap after GC invocations=5 (full 0):
 garbage-first heap   total 194560K, used 19098K [0x0000000080000000, 0x0000000100000000)
  region size 1024K, 1 young (1024K), 1 survivors (1024K)
 Metaspace       used 21717K, capacity 22188K, committed 22528K, reserved 536576K
  class space    used 2573K, capacity 2721K, committed 2816K, reserved 516096K
}
Event: 172.548 GC heap before
{Heap before GC invocations=5 (full 0):
 garbage-first heap   total 194560K, used 43674K [0x0000000080000000, 0x0000000100000000)
  region size 1024K, 26 young (26624K), 1 survivors (1024K)
 Metaspace       used 24238K, capacity 24846K, committed 25088K, reserved 538624K
  class space    used 2974K, capacity 3205K, committed 3328K, reserved 516096K
}
Event: 172.560 GC heap after
{Heap after GC invocations=6 (full 0):
 garbage-first heap   total 194560K, used 19924K [0x0000000080000000, 0x0000000100000000)
  region size 1024K, 2 young (2048K), 2 survivors (2048K)
 Metaspace       used 24238K, capacity 24846K, committed 25088K, reserved 538624K
  class space    used 2974K, capacity 3205K, committed 3328K, reserved 516096K
}
Event: 178.660 GC heap before
{Heap before GC invocations=6 (full 0):
 garbage-first heap   total 194560K, used 53716K [0x0000000080000000, 0x0000000100000000)
  region size 1024K, 35 young (35840K), 2 survivors (2048K)
 Metaspace       used 27432K, capacity 28115K, committed 28416K, reserved 540672K
  class space    used 3496K, capacity 3768K, committed 3840K, reserved 516096K
}
Event: 178.669 GC heap after
{Heap after GC invocations=7 (full 0):
 garbage-first heap   total 194560K, used 21487K [0x0000000080000000, 0x0000000100000000)
  region size 1024K, 3 young (3072K), 3 survivors (3072K)
 Metaspace       used 27432K, capacity 28115K, committed 28416K, reserved 540672K
  class space    used 3496K, capacity 3768K, committed 3840K, reserved 516096K
}
Event: 192.318 GC heap before
{Heap before GC invocations=7 (full 0):
 garbage-first heap   total 194560K, used 67567K [0x0000000080000000, 0x0000000100000000)
  region size 1024K, 48 young (49152K), 3 survivors (3072K)
 Metaspace       used 31343K, capacity 32076K, committed 32384K, reserved 544768K
  class space    used 4080K, capacity 4364K, committed 4480K, reserved 516096K
}
Event: 192.330 GC heap after
{Heap after GC invocations=8 (full 0):
 garbage-first heap   total 194560K, used 22756K [0x0000000080000000, 0x0000000100000000)
  region size 1024K, 5 young (5120K), 5 survivors (5120K)
 Metaspace       used 31343K, capacity 32076K, committed 32384K, reserved 544768K
  class space    used 4080K, capacity 4364K, committed 4480K, reserved 516096K
}
Event: 193.639 GC heap before
{Heap before GC invocations=8 (full 0):
 garbage-first heap   total 194560K, used 41188K [0x0000000080000000, 0x0000000100000000)
  region size 1024K, 24 young (24576K), 5 survivors (5120K)
 Metaspace       used 34704K, capacity 35452K, committed 35584K, reserved 546816K
  class space    used 4432K, capacity 4745K, committed 4864K, reserved 516096K
}
Event: 193.656 GC heap after
{Heap after GC invocations=9 (full 0):
 garbage-first heap   total 194560K, used 24452K [0x0000000080000000, 0x0000000100000000)
  region size 1024K, 6 young (6144K), 6 survivors (6144K)
 Metaspace       used 34704K, capacity 35452K, committed 35584K, reserved 546816K
  class space    used 4432K, capacity 4745K, committed 4864K, reserved 516096K
}
Event: 207.051 GC heap before
{Heap before GC invocations=10 (full 0):
 garbage-first heap   total 194560K, used 85892K [0x0000000080000000, 0x0000000100000000)
  region size 1024K, 64 young (65536K), 6 survivors (6144K)
 Metaspace       used 41123K, capacity 42165K, committed 42496K, reserved 552960K
  class space    used 5134K, capacity 5530K, committed 5632K, reserved 516096K
}
Event: 207.480 GC heap after
{Heap after GC invocations=11 (full 0):
 garbage-first heap   total 194560K, used 29028K [0x0000000080000000, 0x0000000100000000)
  region size 1024K, 8 young (8192K), 8 survivors (8192K)
 Metaspace       used 41123K, capacity 42165K, committed 42496K, reserved 552960K
  class space    used 5134K, capacity 5530K, committed 5632K, reserved 516096K
}

