# JRE version: OpenJDK Runtime Environment Microsoft-8035250 (11.0.20+8) (build 11.0.20+8-LTS)
# Java VM: OpenJDK 64-Bit Server VM Microsoft-8035250 (11.0.20+8-LTS, mixed mode, tiered, compressed oops, g1 gc, windows-amd64)
Heap:
 garbage-first heap   total 194560K, used 41271K [0x0000000080000000, 0x0000000100000000)
  region size 1024K, 24 young (24576K), 1 survivors (1024K)
 Metaspace       used 24184K, capacity 24832K, committed 25088K, reserved 538624K
  class space    used 2967K, capacity 3205K, committed 3328K, reserved 516096K
GC Heap History (8 events):
Event: 18.646 GC heap before
{Heap before GC invocations=0 (full 0):
 garbage-first heap   total 194560K, used 27648K [0x0000000080000000, 0x0000000100000000)
  region size 1024K, 24 young (24576K), 0 survivors (0K)
 Metaspace       used 10142K, capacity 10390K, committed 10624K, reserved 526336K
  class space    used 1033K, capacity 1107K, committed 1152K, reserved 516096K
}
Event: 19.227 GC heap after
{Heap after GC invocations=1 (full 0):
 garbage-first heap   total 194560K, used 10579K [0x0000000080000000, 0x0000000100000000)
  region size 1024K, 3 young (3072K), 3 survivors (3072K)
 Metaspace       used 10142K, capacity 10390K, committed 10624K, reserved 526336K
  class space    used 1033K, capacity 1107K, committed 1152K, reserved 516096K
}
Event: 157.637 GC heap before
{Heap before GC invocations=1 (full 0):
 garbage-first heap   total 194560K, used 94547K [0x0000000080000000, 0x0000000100000000)
  region size 1024K, 86 young (88064K), 3 survivors (3072K)
 Metaspace       used 20591K, capacity 21008K, committed 21248K, reserved 536576K
  class space    used 2395K, capacity 2544K, committed 2560K, reserved 516096K
}
Event: 159.211 GC heap after
{Heap after GC invocations=2 (full 0):
 garbage-first heap   total 194560K, used 18087K [0x0000000080000000, 0x0000000100000000)
  region size 1024K, 11 young (11264K), 11 survivors (11264K)
 Metaspace       used 20591K, capacity 21008K, committed 21248K, reserved 536576K
  class space    used 2395K, capacity 2544K, committed 2560K, reserved 516096K
}
Event: 167.458 GC heap before
{Heap before GC invocations=3 (full 0):
 garbage-first heap   total 194560K, used 19111K [0x0000000080000000, 0x0000000100000000)
  region size 1024K, 12 young (12288K), 11 survivors (11264K)
 Metaspace       used 20616K, capacity 21043K, committed 21376K, reserved 536576K
  class space    used 2404K, capacity 2577K, committed 2688K, reserved 516096K
}
Event: 167.505 GC heap after
{Heap after GC invocations=4 (full 0):
 garbage-first heap   total 194560K, used 18828K [0x0000000080000000, 0x0000000100000000)
  region size 1024K, 1 young (1024K), 1 survivors (1024K)
 Metaspace       used 20616K, capacity 21043K, committed 21376K, reserved 536576K
  class space    used 2404K, capacity 2577K, committed 2688K, reserved 516096K
}
Event: 186.185 GC heap before
{Heap before GC invocations=4 (full 0):
 garbage-first heap   total 194560K, used 32140K [0x0000000080000000, 0x0000000100000000)
  region size 1024K, 14 young (14336K), 1 survivors (1024K)
 Metaspace       used 22073K, capacity 22511K, committed 22784K, reserved 536576K
  class space    used 2624K, capacity 2791K, committed 2816K, reserved 516096K
}
Event: 186.190 GC heap after
{Heap after GC invocations=5 (full 0):
 garbage-first heap   total 194560K, used 18743K [0x0000000080000000, 0x0000000100000000)
  region size 1024K, 1 young (1024K), 1 survivors (1024K)
 Metaspace       used 22073K, capacity 22511K, committed 22784K, reserved 536576K
  class space    used 2624K, capacity 2791K, committed 2816K, reserved 516096K
}

